Log file open, 03/13/22 17:21:05
LogInit: Display: Running engine for game: SoftDesignTraining
LogPlatformFile: Not using cached read wrapper
LogTaskGraph: Started task graph with 5 named threads and 23 total threads with 3 sets of task threads.
LogStats: Stats thread started at 0.290351
LogD3D11RHI: Loaded GFSDK_Aftermath_Lib.x64.dll
LogICUInternationalization: ICU TimeZone Detection - Raw Offset: -5:00, Platform Override: ''
LogPluginManager: Mounting plugin Paper2D
LogPluginManager: Mounting plugin AISupport
LogPluginManager: Mounting plugin LightPropagationVolume
LogPluginManager: Mounting plugin CameraShakePreviewer
LogPluginManager: Mounting plugin ActorLayerUtilities
LogPluginManager: Mounting plugin AnimationSharing
LogPluginManager: Mounting plugin CLionSourceCodeAccess
LogPluginManager: Mounting plugin CodeLiteSourceCodeAccess
LogPluginManager: Mounting plugin GitSourceControl
LogPluginManager: Mounting plugin KDevelopSourceCodeAccess
LogPluginManager: Mounting plugin NullSourceCodeAccess
LogPluginManager: Mounting plugin PerforceSourceControl
LogPluginManager: Mounting plugin PlasticSourceControl
LogPluginManager: Mounting plugin RiderSourceCodeAccess
LogPluginManager: Mounting plugin SubversionSourceControl
LogPluginManager: Mounting plugin UObjectPlugin
LogPluginManager: Mounting plugin VisualStudioCodeSourceCodeAccess
LogPluginManager: Mounting plugin VisualStudioSourceCodeAccess
LogPluginManager: Mounting plugin XCodeSourceCodeAccess
LogPluginManager: Mounting plugin AssetManagerEditor
LogPluginManager: Mounting plugin CryptoKeys
LogPluginManager: Mounting plugin CurveEditorTools
LogPluginManager: Mounting plugin DataValidation
LogPluginManager: Mounting plugin EditorScriptingUtilities
LogPluginManager: Mounting plugin FacialAnimation
LogPluginManager: Mounting plugin GameplayTagsEditor
LogPluginManager: Mounting plugin GeometryMode
LogPluginManager: Mounting plugin MacGraphicsSwitching
LogPluginManager: Mounting plugin MaterialAnalyzer
LogPluginManager: Mounting plugin MobileLauncherProfileWizard
LogPluginManager: Mounting plugin PluginBrowser
LogPluginManager: Mounting plugin SpeedTreeImporter
LogPluginManager: Mounting plugin DatasmithContent
LogPluginManager: Mounting plugin VariantManagerContent
LogPluginManager: Mounting plugin AlembicImporter
LogPluginManager: Mounting plugin AutomationUtils
LogPluginManager: Mounting plugin BackChannel
LogPluginManager: Mounting plugin ChaosCloth
LogPluginManager: Mounting plugin ChaosClothEditor
LogPluginManager: Mounting plugin ChaosEditor
LogPluginManager: Mounting plugin ChaosNiagara
LogPluginManager: Mounting plugin ChaosSolverPlugin
LogPluginManager: Mounting plugin CharacterAI
LogPluginManager: Mounting plugin GeometryCache
LogPluginManager: Mounting plugin GeometryCollectionPlugin
LogPluginManager: Mounting plugin GeometryProcessing
LogPluginManager: Mounting plugin PlanarCut
LogPluginManager: Mounting plugin PlatformCrypto
LogPluginManager: Mounting plugin ProxyLODPlugin
LogPluginManager: Mounting plugin SkeletalReduction
LogPluginManager: Mounting plugin Niagara
LogPluginManager: Mounting plugin MagicLeap
LogPluginManager: Mounting plugin MagicLeapLightEstimation
LogPluginManager: Mounting plugin MagicLeapMedia
LogPluginManager: Mounting plugin MagicLeapPassableWorld
LogPluginManager: Mounting plugin MLSDK
LogPluginManager: Mounting plugin AndroidMedia
LogPluginManager: Mounting plugin AvfMedia
LogPluginManager: Mounting plugin ImgMedia
LogPluginManager: Mounting plugin MediaCompositing
LogPluginManager: Mounting plugin MediaPlayerEditor
LogPluginManager: Mounting plugin WebMMedia
LogPluginManager: Mounting plugin WmfMedia
LogPluginManager: Mounting plugin MeshPainting
LogPluginManager: Mounting plugin TcpMessaging
LogPluginManager: Mounting plugin UdpMessaging
LogPluginManager: Mounting plugin ActorSequence
LogPluginManager: Mounting plugin LevelSequenceEditor
LogPluginManager: Mounting plugin MatineeToLevelSequence
LogPluginManager: Mounting plugin MovieRenderPipeline
LogPluginManager: Mounting plugin TemplateSequence
LogPluginManager: Mounting plugin NetcodeUnitTest
LogPluginManager: Mounting plugin NUTUnrealEngine4
LogPluginManager: Mounting plugin OnlineSubsystemGooglePlay
LogPluginManager: Mounting plugin OnlineSubsystemIOS
LogPluginManager: Mounting plugin OnlineSubsystem
LogPluginManager: Mounting plugin OnlineSubsystemNull
LogPluginManager: Mounting plugin OnlineSubsystemUtils
LogPluginManager: Mounting plugin LauncherChunkInstaller
LogPluginManager: Mounting plugin AndroidDeviceProfileSelector
LogPluginManager: Mounting plugin AndroidMoviePlayer
LogPluginManager: Mounting plugin AndroidPermission
LogPluginManager: Mounting plugin AppleImageUtils
LogPluginManager: Mounting plugin AppleMoviePlayer
LogPluginManager: Mounting plugin ArchVisCharacter
LogPluginManager: Mounting plugin AssetTags
LogPluginManager: Mounting plugin AudioCapture
LogPluginManager: Mounting plugin CableComponent
LogPluginManager: Mounting plugin CustomMeshComponent
LogPluginManager: Mounting plugin EditableMesh
LogPluginManager: Mounting plugin ExampleDeviceProfileSelector
LogPluginManager: Mounting plugin GoogleCloudMessaging
LogPluginManager: Mounting plugin GooglePAD
LogPluginManager: Mounting plugin IOSDeviceProfileSelector
LogPluginManager: Mounting plugin LinuxDeviceProfileSelector
LogPluginManager: Mounting plugin LocationServicesBPLibrary
LogPluginManager: Mounting plugin MobilePatchingUtils
LogPluginManager: Mounting plugin OculusVR
LogPluginManager: Mounting plugin PhysXVehicles
LogPluginManager: Mounting plugin PostSplashScreen
LogPluginManager: Mounting plugin ProceduralMeshComponent
LogPluginManager: Mounting plugin RuntimePhysXCooking
LogPluginManager: Mounting plugin SignificanceManager
LogPluginManager: Mounting plugin SoundFields
LogPluginManager: Mounting plugin SteamVR
LogPluginManager: Mounting plugin Synthesis
LogPluginManager: Mounting plugin WebMMoviePlayer
LogPluginManager: Mounting plugin WindowsMoviePlayer
LogPluginManager: Mounting plugin ScreenshotTools
LogInit: Using libcurl 7.55.1-DEV
LogInit:  - built for x86_64-pc-win32
LogInit:  - supports SSL with OpenSSL/1.1.1
LogInit:  - supports HTTP deflate (compression) using libz 1.2.8
LogInit:  - other features:
LogInit:      CURL_VERSION_SSL
LogInit:      CURL_VERSION_LIBZ
LogInit:      CURL_VERSION_IPV6
LogInit:      CURL_VERSION_ASYNCHDNS
LogInit:      CURL_VERSION_LARGEFILE
LogInit:      CURL_VERSION_IDN
LogInit:  CurlRequestOptions (configurable via config and command line):
LogInit:  - bVerifyPeer = true  - Libcurl will verify peer certificate
LogInit:  - bUseHttpProxy = false  - Libcurl will NOT use HTTP proxy
LogInit:  - bDontReuseConnections = false  - Libcurl will reuse connections
LogInit:  - MaxHostConnections = 16  - Libcurl will limit the number of connections to a host
LogInit:  - LocalHostAddr = Default
LogInit:  - BufferSize = 65536
LogOnline: OSS: Creating online subsystem instance for: NULL
LogInit: WinSock: version 1.1 (2.2), MaxSocks=32767, MaxUdp=65467
LogOnline: OSS: TryLoadSubsystemAndSetDefault: Loaded subsystem for module [NULL]
LogInit: Build: ++UE4+Release-4.25-CL-14469661
LogInit: Engine Version: 4.25.4-14469661+++UE4+Release-4.25
LogInit: Compatible Engine Version: 4.25.0-13144385+++UE4+Release-4.25
LogInit: Net CL: 13144385
LogInit: OS: Windows 10 (Release 2009) (), CPU: AMD Ryzen 7 3700U with Radeon Vega Mobile Gfx  , GPU: AMD Radeon(TM) RX Vega 10 Graphics 
LogInit: Compiled (64-bit): Oct 11 2020 08:10:49
LogInit: Compiled with Visual C++: 19.24.28315.00
LogInit: Build Configuration: Development
LogInit: Branch Name: ++UE4+Release-4.25
LogInit: Command Line:  -EpicPortal -epicusername="alex nupin" -epicuserid=971f93358e4541478c0c3b06083b8001 -epiclocale=en -epicsandboxid=ue
LogInit: Base Directory: D:/Epic Games/UE_4.25/Engine/Binaries/Win64/
LogInit: Allocator: TBB
LogInit: Installed Engine Build: 1
LogDevObjectVersion: Number of dev versions registered: 26
LogDevObjectVersion:   Dev-Blueprints (B0D832E4-1F89-4F0D-ACCF-7EB736FD4AA2): 10
LogDevObjectVersion:   Dev-Build (E1C64328-A22C-4D53-A36C-8E866417BD8C): 0
LogDevObjectVersion:   Dev-Core (375EC13C-06E4-48FB-B500-84F0262A717E): 4
LogDevObjectVersion:   Dev-Editor (E4B068ED-F494-42E9-A231-DA0B2E46BB41): 38
LogDevObjectVersion:   Dev-Framework (CFFC743F-43B0-4480-9391-14DF171D2073): 37
LogDevObjectVersion:   Dev-Mobile (B02B49B5-BB20-44E9-A304-32B752E40360): 2
LogDevObjectVersion:   Dev-Networking (A4E4105C-59A1-49B5-A7C5-40C4547EDFEE): 0
LogDevObjectVersion:   Dev-Online (39C831C9-5AE6-47DC-9A44-9C173E1C8E7C): 0
LogDevObjectVersion:   Dev-Physics (78F01B33-EBEA-4F98-B9B4-84EACCB95AA2): 4
LogDevObjectVersion:   Dev-Platform (6631380F-2D4D-43E0-8009-CF276956A95A): 0
LogDevObjectVersion:   Dev-Rendering (12F88B9F-8875-4AFC-A67C-D90C383ABD29): 43
LogDevObjectVersion:   Dev-Sequencer (7B5AE74C-D270-4C10-A958-57980B212A5A): 12
LogDevObjectVersion:   Dev-VR (D7296918-1DD6-4BDD-9DE2-64A83CC13884): 3
LogDevObjectVersion:   Dev-LoadTimes (C2A15278-BFE7-4AFE-6C17-90FF531DF755): 1
LogDevObjectVersion:   Private-Geometry (6EACA3D4-40EC-4CC1-B786-8BED09428FC5): 3
LogDevObjectVersion:   Dev-AnimPhys (29E575DD-E0A3-4627-9D10-D276232CDCEA): 17
LogDevObjectVersion:   Dev-Anim (AF43A65D-7FD3-4947-9873-3E8ED9C1BB05): 7
LogDevObjectVersion:   Dev-ReflectionCapture (6B266CEC-1EC7-4B8F-A30B-E4D90942FC07): 1
LogDevObjectVersion:   Dev-Automation (0DF73D61-A23F-47EA-B727-89E90C41499A): 1
LogDevObjectVersion:   FortniteMain (601D1886-AC64-4F84-AA16-D3DE0DEAC7D6): 31
LogDevObjectVersion:   Dev-Enterprise (9DFFBCD6-494F-0158-E221-12823C92A888): 10
LogDevObjectVersion:   Dev-Niagara (F2AED0AC-9AFE-416F-8664-AA7FFA26D6FC): 1
LogDevObjectVersion:   Dev-Destruction (174F1F0B-B4C6-45A5-B13F-2EE8D0FB917D): 10
LogDevObjectVersion:   Dev-Physics-Ext (35F94A83-E258-406C-A318-09F59610247C): 37
LogDevObjectVersion:   Dev-PhysicsMaterial-Chaos (B68FC16E-8B1B-42E2-B453-215C058844FE): 1
LogDevObjectVersion:   Dev-CineCamera (B2E18506-4273-CFC2-A54E-F4BB758BBA07): 1
LogInit: Presizing for max 25165824 objects, including 0 objects not considered by GC, pre-allocating 0 bytes for permanent pool.
LogConfig: Applying CVar settings from Section [/Script/Engine.StreamingSettings] File [D:/INF8235/INF8235/log8235-tp2/Saved/Config/Windows/Engine.ini]
LogConfig: Setting CVar [[s.MinBulkDataSizeForAsyncLoading:131072]]
LogConfig: Setting CVar [[s.AsyncLoadingThreadEnabled:0]]
LogConfig: Setting CVar [[s.EventDrivenLoaderEnabled:1]]
LogConfig: Setting CVar [[s.WarnIfTimeLimitExceeded:0]]
LogConfig: Setting CVar [[s.TimeLimitExceededMultiplier:1.5]]
LogConfig: Setting CVar [[s.TimeLimitExceededMinTime:0.005]]
LogConfig: Setting CVar [[s.UseBackgroundLevelStreaming:1]]
LogConfig: Setting CVar [[s.PriorityAsyncLoadingExtraTime:15.0]]
LogConfig: Setting CVar [[s.LevelStreamingActorsUpdateTimeLimit:5.0]]
LogConfig: Setting CVar [[s.PriorityLevelStreamingActorsUpdateExtraTime:5.0]]
LogConfig: Setting CVar [[s.LevelStreamingComponentsRegistrationGranularity:10]]
LogConfig: Setting CVar [[s.UnregisterComponentsTimeLimit:1.0]]
LogConfig: Setting CVar [[s.LevelStreamingComponentsUnregistrationGranularity:5]]
LogConfig: Setting CVar [[s.FlushStreamingOnExit:1]]
LogInit: Object subsystem initialized
LogConfig: Setting CVar [[con.DebugEarlyDefault:1]]
LogConfig: Setting CVar [[r.setres:1280x720]]
[2022.03.13-21.21.06:228][  0]LogConfig: Setting CVar [[r.VSync:0]]
[2022.03.13-21.21.06:228][  0]LogConfig: Setting CVar [[r.RHICmdBypass:0]]
[2022.03.13-21.21.06:228][  0]LogConfig: Applying CVar settings from Section [/Script/Engine.RendererSettings] File [D:/INF8235/INF8235/log8235-tp2/Saved/Config/Windows/Engine.ini]
[2022.03.13-21.21.06:228][  0]LogConfig: Setting CVar [[r.GPUCrashDebugging:0]]
[2022.03.13-21.21.06:228][  0]LogConfig: Applying CVar settings from Section [/Script/Engine.RendererOverrideSettings] File [D:/INF8235/INF8235/log8235-tp2/Saved/Config/Windows/Engine.ini]
[2022.03.13-21.21.06:228][  0]LogConfig: Applying CVar settings from Section [/Script/Engine.StreamingSettings] File [D:/INF8235/INF8235/log8235-tp2/Saved/Config/Windows/Engine.ini]
[2022.03.13-21.21.06:228][  0]LogConfig: Setting CVar [[s.MinBulkDataSizeForAsyncLoading:131072]]
[2022.03.13-21.21.06:228][  0]LogConfig: Setting CVar [[s.AsyncLoadingThreadEnabled:0]]
[2022.03.13-21.21.06:228][  0]LogConfig: Setting CVar [[s.EventDrivenLoaderEnabled:1]]
[2022.03.13-21.21.06:228][  0]LogConfig: Setting CVar [[s.WarnIfTimeLimitExceeded:0]]
[2022.03.13-21.21.06:228][  0]LogConfig: Setting CVar [[s.TimeLimitExceededMultiplier:1.5]]
[2022.03.13-21.21.06:228][  0]LogConfig: Setting CVar [[s.TimeLimitExceededMinTime:0.005]]
[2022.03.13-21.21.06:228][  0]LogConfig: Setting CVar [[s.UseBackgroundLevelStreaming:1]]
[2022.03.13-21.21.06:228][  0]LogConfig: Setting CVar [[s.PriorityAsyncLoadingExtraTime:15.0]]
[2022.03.13-21.21.06:228][  0]LogConfig: Setting CVar [[s.LevelStreamingActorsUpdateTimeLimit:5.0]]
[2022.03.13-21.21.06:228][  0]LogConfig: Setting CVar [[s.PriorityLevelStreamingActorsUpdateExtraTime:5.0]]
[2022.03.13-21.21.06:228][  0]LogConfig: Setting CVar [[s.LevelStreamingComponentsRegistrationGranularity:10]]
[2022.03.13-21.21.06:228][  0]LogConfig: Setting CVar [[s.UnregisterComponentsTimeLimit:1.0]]
[2022.03.13-21.21.06:228][  0]LogConfig: Setting CVar [[s.LevelStreamingComponentsUnregistrationGranularity:5]]
[2022.03.13-21.21.06:228][  0]LogConfig: Setting CVar [[s.FlushStreamingOnExit:1]]
[2022.03.13-21.21.06:228][  0]LogConfig: Applying CVar settings from Section [/Script/Engine.GarbageCollectionSettings] File [D:/INF8235/INF8235/log8235-tp2/Saved/Config/Windows/Engine.ini]
[2022.03.13-21.21.06:228][  0]LogConfig: Setting CVar [[gc.MaxObjectsNotConsideredByGC:1]]
[2022.03.13-21.21.06:228][  0]LogConfig: Setting CVar [[gc.SizeOfPermanentObjectPool:0]]
[2022.03.13-21.21.06:228][  0]LogConfig: Setting CVar [[gc.FlushStreamingOnGC:0]]
[2022.03.13-21.21.06:228][  0]LogConfig: Setting CVar [[gc.NumRetriesBeforeForcingGC:10]]
[2022.03.13-21.21.06:228][  0]LogConfig: Setting CVar [[gc.AllowParallelGC:1]]
[2022.03.13-21.21.06:228][  0]LogConfig: Setting CVar [[gc.TimeBetweenPurgingPendingKillObjects:61.1]]
[2022.03.13-21.21.06:228][  0]LogConfig: Setting CVar [[gc.MaxObjectsInEditor:25165824]]
[2022.03.13-21.21.06:228][  0]LogConfig: Setting CVar [[gc.IncrementalBeginDestroyEnabled:1]]
[2022.03.13-21.21.06:228][  0]LogConfig: Setting CVar [[gc.CreateGCClusters:1]]
[2022.03.13-21.21.06:228][  0]LogConfig: Setting CVar [[gc.MinGCClusterSize:5]]
[2022.03.13-21.21.06:228][  0]LogConfig: Setting CVar [[gc.ActorClusteringEnabled:0]]
[2022.03.13-21.21.06:228][  0]LogConfig: Setting CVar [[gc.BlueprintClusteringEnabled:0]]
[2022.03.13-21.21.06:228][  0]LogConfig: Setting CVar [[gc.UseDisregardForGCOnDedicatedServers:0]]
[2022.03.13-21.21.06:228][  0]LogConfig: Applying CVar settings from Section [/Script/Engine.NetworkSettings] File [D:/INF8235/INF8235/log8235-tp2/Saved/Config/Windows/Engine.ini]
[2022.03.13-21.21.06:228][  0]LogConfig: Applying CVar settings from Section [/Script/UnrealEd.CookerSettings] File [D:/INF8235/INF8235/log8235-tp2/Saved/Config/Windows/Engine.ini]
[2022.03.13-21.21.06:231][  0]LogConfig: Applying CVar settings from Section [ViewDistanceQuality@3] File [D:/INF8235/INF8235/log8235-tp2/Saved/Config/Windows/Scalability.ini]
[2022.03.13-21.21.06:231][  0]LogConfig: Setting CVar [[r.SkeletalMeshLODBias:0]]
[2022.03.13-21.21.06:231][  0]LogConfig: Setting CVar [[r.ViewDistanceScale:1.0]]
[2022.03.13-21.21.06:231][  0]LogConfig: Applying CVar settings from Section [AntiAliasingQuality@3] File [D:/INF8235/INF8235/log8235-tp2/Saved/Config/Windows/Scalability.ini]
[2022.03.13-21.21.06:231][  0]LogConfig: Setting CVar [[r.PostProcessAAQuality:4]]
[2022.03.13-21.21.06:231][  0]LogConfig: Applying CVar settings from Section [ShadowQuality@3] File [D:/INF8235/INF8235/log8235-tp2/Saved/Config/Windows/Scalability.ini]
[2022.03.13-21.21.06:231][  0]LogConfig: Setting CVar [[r.LightFunctionQuality:1]]
[2022.03.13-21.21.06:231][  0]LogConfig: Setting CVar [[r.ShadowQuality:5]]
[2022.03.13-21.21.06:231][  0]LogConfig: Setting CVar [[r.Shadow.CSM.MaxCascades:10]]
[2022.03.13-21.21.06:231][  0]LogConfig: Setting CVar [[r.Shadow.MaxResolution:2048]]
[2022.03.13-21.21.06:231][  0]LogConfig: Setting CVar [[r.Shadow.MaxCSMResolution:2048]]
[2022.03.13-21.21.06:231][  0]LogConfig: Setting CVar [[r.Shadow.RadiusThreshold:0.01]]
[2022.03.13-21.21.06:231][  0]LogConfig: Setting CVar [[r.Shadow.DistanceScale:1.0]]
[2022.03.13-21.21.06:231][  0]LogConfig: Setting CVar [[r.Shadow.CSM.TransitionScale:1.0]]
[2022.03.13-21.21.06:231][  0]LogConfig: Setting CVar [[r.Shadow.PreShadowResolutionFactor:1.0]]
[2022.03.13-21.21.06:231][  0]LogConfig: Setting CVar [[r.DistanceFieldShadowing:1]]
[2022.03.13-21.21.06:231][  0]LogConfig: Setting CVar [[r.DistanceFieldAO:1]]
[2022.03.13-21.21.06:231][  0]LogConfig: Setting CVar [[r.AOQuality:2]]
[2022.03.13-21.21.06:231][  0]LogConfig: Setting CVar [[r.VolumetricFog:1]]
[2022.03.13-21.21.06:231][  0]LogConfig: Setting CVar [[r.VolumetricFog.GridPixelSize:8]]
[2022.03.13-21.21.06:231][  0]LogConfig: Setting CVar [[r.VolumetricFog.GridSizeZ:128]]
[2022.03.13-21.21.06:231][  0]LogConfig: Setting CVar [[r.VolumetricFog.HistoryMissSupersampleCount:4]]
[2022.03.13-21.21.06:231][  0]LogConfig: Setting CVar [[r.LightMaxDrawDistanceScale:1]]
[2022.03.13-21.21.06:231][  0]LogConfig: Setting CVar [[r.CapsuleShadows:1]]
[2022.03.13-21.21.06:231][  0]LogConfig: Applying CVar settings from Section [PostProcessQuality@3] File [D:/INF8235/INF8235/log8235-tp2/Saved/Config/Windows/Scalability.ini]
[2022.03.13-21.21.06:231][  0]LogConfig: Setting CVar [[r.MotionBlurQuality:4]]
[2022.03.13-21.21.06:231][  0]LogConfig: Setting CVar [[r.AmbientOcclusionMipLevelFactor:0.4]]
[2022.03.13-21.21.06:231][  0]LogConfig: Setting CVar [[r.AmbientOcclusionMaxQuality:100]]
[2022.03.13-21.21.06:231][  0]LogConfig: Setting CVar [[r.AmbientOcclusionLevels:-1]]
[2022.03.13-21.21.06:231][  0]LogConfig: Setting CVar [[r.AmbientOcclusionRadiusScale:1.0]]
[2022.03.13-21.21.06:231][  0]LogConfig: Setting CVar [[r.DepthOfFieldQuality:2]]
[2022.03.13-21.21.06:231][  0]LogConfig: Setting CVar [[r.RenderTargetPoolMin:400]]
[2022.03.13-21.21.06:231][  0]LogConfig: Setting CVar [[r.LensFlareQuality:2]]
[2022.03.13-21.21.06:231][  0]LogConfig: Setting CVar [[r.SceneColorFringeQuality:1]]
[2022.03.13-21.21.06:231][  0]LogConfig: Setting CVar [[r.EyeAdaptationQuality:2]]
[2022.03.13-21.21.06:231][  0]LogConfig: Setting CVar [[r.BloomQuality:5]]
[2022.03.13-21.21.06:231][  0]LogConfig: Setting CVar [[r.FastBlurThreshold:100]]
[2022.03.13-21.21.06:231][  0]LogConfig: Setting CVar [[r.Upscale.Quality:3]]
[2022.03.13-21.21.06:231][  0]LogConfig: Setting CVar [[r.Tonemapper.GrainQuantization:1]]
[2022.03.13-21.21.06:232][  0]LogConfig: Setting CVar [[r.LightShaftQuality:1]]
[2022.03.13-21.21.06:232][  0]LogConfig: Setting CVar [[r.Filter.SizeScale:1]]
[2022.03.13-21.21.06:232][  0]LogConfig: Setting CVar [[r.Tonemapper.Quality:5]]
[2022.03.13-21.21.06:232][  0]LogConfig: Setting CVar [[r.DOF.Gather.AccumulatorQuality:1        ; higher gathering accumulator quality]]
[2022.03.13-21.21.06:232][  0]LogConfig: Setting CVar [[r.DOF.Gather.PostfilterMethod:1          ; Median3x3 postfilering method]]
[2022.03.13-21.21.06:232][  0]LogConfig: Setting CVar [[r.DOF.Gather.EnableBokehSettings:0       ; no bokeh simulation when gathering]]
[2022.03.13-21.21.06:232][  0]LogConfig: Setting CVar [[r.DOF.Gather.RingCount:4                 ; medium number of samples when gathering]]
[2022.03.13-21.21.06:232][  0]LogConfig: Setting CVar [[r.DOF.Scatter.ForegroundCompositing:1    ; additive foreground scattering]]
[2022.03.13-21.21.06:232][  0]LogConfig: Setting CVar [[r.DOF.Scatter.BackgroundCompositing:2    ; additive background scattering]]
[2022.03.13-21.21.06:232][  0]LogConfig: Setting CVar [[r.DOF.Scatter.EnableBokehSettings:1      ; bokeh simulation when scattering]]
[2022.03.13-21.21.06:232][  0]LogConfig: Setting CVar [[r.DOF.Scatter.MaxSpriteRatio:0.1         ; only a maximum of 10% of scattered bokeh]]
[2022.03.13-21.21.06:232][  0]LogConfig: Setting CVar [[r.DOF.Recombine.Quality:1                ; cheap slight out of focus]]
[2022.03.13-21.21.06:232][  0]LogConfig: Setting CVar [[r.DOF.Recombine.EnableBokehSettings:0    ; no bokeh simulation on slight out of focus]]
[2022.03.13-21.21.06:232][  0]LogConfig: Setting CVar [[r.DOF.TemporalAAQuality:1                ; more stable temporal accumulation]]
[2022.03.13-21.21.06:232][  0]LogConfig: Setting CVar [[r.DOF.Kernel.MaxForegroundRadius:0.025]]
[2022.03.13-21.21.06:232][  0]LogConfig: Setting CVar [[r.DOF.Kernel.MaxBackgroundRadius:0.025]]
[2022.03.13-21.21.06:232][  0]LogConfig: Applying CVar settings from Section [TextureQuality@3] File [D:/INF8235/INF8235/log8235-tp2/Saved/Config/Windows/Scalability.ini]
[2022.03.13-21.21.06:232][  0]LogConfig: Setting CVar [[r.Streaming.MipBias:0]]
[2022.03.13-21.21.06:232][  0]LogConfig: Setting CVar [[r.Streaming.AmortizeCPUToGPUCopy:0]]
[2022.03.13-21.21.06:232][  0]LogConfig: Setting CVar [[r.Streaming.MaxNumTexturesToStreamPerFrame:0]]
[2022.03.13-21.21.06:232][  0]LogConfig: Setting CVar [[r.Streaming.Boost:1]]
[2022.03.13-21.21.06:232][  0]LogConfig: Setting CVar [[r.MaxAnisotropy:8]]
[2022.03.13-21.21.06:232][  0]LogConfig: Setting CVar [[r.VT.MaxAnisotropy:8]]
[2022.03.13-21.21.06:232][  0]LogConfig: Setting CVar [[r.Streaming.LimitPoolSizeToVRAM:0]]
[2022.03.13-21.21.06:232][  0]LogConfig: Setting CVar [[r.Streaming.PoolSize:1000]]
[2022.03.13-21.21.06:232][  0]LogConfig: Setting CVar [[r.Streaming.MaxEffectiveScreenSize:0]]
[2022.03.13-21.21.06:232][  0]LogConfig: Applying CVar settings from Section [EffectsQuality@3] File [D:/INF8235/INF8235/log8235-tp2/Saved/Config/Windows/Scalability.ini]
[2022.03.13-21.21.06:232][  0]LogConfig: Setting CVar [[r.TranslucencyLightingVolumeDim:64]]
[2022.03.13-21.21.06:232][  0]LogConfig: Setting CVar [[r.RefractionQuality:2]]
[2022.03.13-21.21.06:232][  0]LogConfig: Setting CVar [[r.SSR.Quality:3]]
[2022.03.13-21.21.06:232][  0]LogConfig: Setting CVar [[r.SSR.HalfResSceneColor:0]]
[2022.03.13-21.21.06:232][  0]LogConfig: Setting CVar [[r.SceneColorFormat:4]]
[2022.03.13-21.21.06:232][  0]LogConfig: Setting CVar [[r.DetailMode:2]]
[2022.03.13-21.21.06:232][  0]LogConfig: Setting CVar [[r.TranslucencyVolumeBlur:1]]
[2022.03.13-21.21.06:232][  0]LogConfig: Setting CVar [[r.MaterialQualityLevel:1 ; High quality]]
[2022.03.13-21.21.06:232][  0]LogConfig: Setting CVar [[r.SSS.Scale:1]]
[2022.03.13-21.21.06:232][  0]LogConfig: Setting CVar [[r.SSS.SampleSet:2]]
[2022.03.13-21.21.06:232][  0]LogConfig: Setting CVar [[r.SSS.Quality:1]]
[2022.03.13-21.21.06:232][  0]LogConfig: Setting CVar [[r.SSS.HalfRes:0]]
[2022.03.13-21.21.06:232][  0]LogConfig: Setting CVar [[r.SSGI.Quality:3]]
[2022.03.13-21.21.06:232][  0]LogConfig: Setting CVar [[r.EmitterSpawnRateScale:1.0]]
[2022.03.13-21.21.06:232][  0]LogConfig: Setting CVar [[r.ParticleLightQuality:2]]
[2022.03.13-21.21.06:232][  0]LogConfig: Setting CVar [[r.SkyAtmosphere.AerialPerspectiveLUT.FastApplyOnOpaque:1 ; Always have FastSkyLUT 1 in this case to avoid wrong sky]]
[2022.03.13-21.21.06:232][  0]LogConfig: Setting CVar [[r.SkyAtmosphere.AerialPerspectiveLUT.SampleCountPerSlice:1]]
[2022.03.13-21.21.06:232][  0]LogConfig: Setting CVar [[r.SkyAtmosphere.AerialPerspectiveLUT.DepthResolution:16.0]]
[2022.03.13-21.21.06:232][  0]LogConfig: Setting CVar [[r.SkyAtmosphere.FastSkyLUT:1]]
[2022.03.13-21.21.06:232][  0]LogConfig: Setting CVar [[r.SkyAtmosphere.FastSkyLUT.SampleCountMin:4.0]]
[2022.03.13-21.21.06:232][  0]LogConfig: Setting CVar [[r.SkyAtmosphere.FastSkyLUT.SampleCountMax:32.0]]
[2022.03.13-21.21.06:232][  0]LogConfig: Setting CVar [[r.SkyAtmosphere.SampleCountMin:4.0]]
[2022.03.13-21.21.06:232][  0]LogConfig: Setting CVar [[r.SkyAtmosphere.SampleCountMax:32.0]]
[2022.03.13-21.21.06:232][  0]LogConfig: Setting CVar [[r.SkyAtmosphere.TransmittanceLUT.UseSmallFormat:0]]
[2022.03.13-21.21.06:232][  0]LogConfig: Setting CVar [[r.SkyAtmosphere.TransmittanceLUT.SampleCount:10.0]]
[2022.03.13-21.21.06:232][  0]LogConfig: Setting CVar [[r.SkyAtmosphere.MultiScatteringLUT.SampleCount:15.0]]
[2022.03.13-21.21.06:232][  0]LogConfig: Applying CVar settings from Section [FoliageQuality@3] File [D:/INF8235/INF8235/log8235-tp2/Saved/Config/Windows/Scalability.ini]
[2022.03.13-21.21.06:232][  0]LogConfig: Setting CVar [[foliage.DensityScale:1.0]]
[2022.03.13-21.21.06:232][  0]LogConfig: Setting CVar [[grass.DensityScale:1.0]]
[2022.03.13-21.21.06:232][  0]LogConfig: Applying CVar settings from Section [ShadingQuality@3] File [D:/INF8235/INF8235/log8235-tp2/Saved/Config/Windows/Scalability.ini]
[2022.03.13-21.21.06:232][  0]LogConfig: Setting CVar [[r.HairStrands.SkyLighting.SampleCount:16]]
[2022.03.13-21.21.06:232][  0]LogConfig: Setting CVar [[r.HairStrands.SkyLighting.JitterIntegration:0]]
[2022.03.13-21.21.06:232][  0]LogConfig: Setting CVar [[r.HairStrands.SkyAO.SampleCount:16]]
[2022.03.13-21.21.06:232][  0]LogConfig: Setting CVar [[r.HairStrands.DeepShadow.SuperSampling:0]]
[2022.03.13-21.21.06:232][  0]LogConfig: Setting CVar [[r.HairStrands.VisibilityPPLL:0]]
[2022.03.13-21.21.06:232][  0]LogConfig: Setting CVar [[r.HairStrands.RasterizationScale:0.5]]
[2022.03.13-21.21.06:232][  0]LogConfig: Setting CVar [[r.HairStrands.VelocityRasterizationScale:1]]
[2022.03.13-21.21.06:233][  0]LogInit: Selected Device Profile: [Windows]
[2022.03.13-21.21.06:233][  0]LogInit: Applying CVar settings loaded from the selected device profile: [Windows]
[2022.03.13-21.21.06:233][  0]LogHAL: Display: Platform has ~ 7 GB [7448702976 / 8589934592 / 7], which maps to Smaller [LargestMinGB=32, LargerMinGB=12, DefaultMinGB=8, SmallerMinGB=6, SmallestMinGB=0)
[2022.03.13-21.21.06:233][  0]LogInit: Going up to parent DeviceProfile []
[2022.03.13-21.21.06:233][  0]LogConfig: Applying CVar settings from Section [ViewDistanceQuality@3] File [D:/INF8235/INF8235/log8235-tp2/Saved/Config/Windows/Scalability.ini]
[2022.03.13-21.21.06:233][  0]LogConfig: Setting CVar [[r.SkeletalMeshLODBias:0]]
[2022.03.13-21.21.06:233][  0]LogConfig: Setting CVar [[r.ViewDistanceScale:1.0]]
[2022.03.13-21.21.06:233][  0]LogConfig: Applying CVar settings from Section [AntiAliasingQuality@3] File [D:/INF8235/INF8235/log8235-tp2/Saved/Config/Windows/Scalability.ini]
[2022.03.13-21.21.06:233][  0]LogConfig: Setting CVar [[r.PostProcessAAQuality:4]]
[2022.03.13-21.21.06:233][  0]LogConfig: Applying CVar settings from Section [ShadowQuality@3] File [D:/INF8235/INF8235/log8235-tp2/Saved/Config/Windows/Scalability.ini]
[2022.03.13-21.21.06:233][  0]LogConfig: Setting CVar [[r.LightFunctionQuality:1]]
[2022.03.13-21.21.06:233][  0]LogConfig: Setting CVar [[r.ShadowQuality:5]]
[2022.03.13-21.21.06:233][  0]LogConfig: Setting CVar [[r.Shadow.CSM.MaxCascades:10]]
[2022.03.13-21.21.06:233][  0]LogConfig: Setting CVar [[r.Shadow.MaxResolution:2048]]
[2022.03.13-21.21.06:233][  0]LogConfig: Setting CVar [[r.Shadow.MaxCSMResolution:2048]]
[2022.03.13-21.21.06:233][  0]LogConfig: Setting CVar [[r.Shadow.RadiusThreshold:0.01]]
[2022.03.13-21.21.06:233][  0]LogConfig: Setting CVar [[r.Shadow.DistanceScale:1.0]]
[2022.03.13-21.21.06:233][  0]LogConfig: Setting CVar [[r.Shadow.CSM.TransitionScale:1.0]]
[2022.03.13-21.21.06:233][  0]LogConfig: Setting CVar [[r.Shadow.PreShadowResolutionFactor:1.0]]
[2022.03.13-21.21.06:233][  0]LogConfig: Setting CVar [[r.DistanceFieldShadowing:1]]
[2022.03.13-21.21.06:233][  0]LogConfig: Setting CVar [[r.DistanceFieldAO:1]]
[2022.03.13-21.21.06:233][  0]LogConfig: Setting CVar [[r.AOQuality:2]]
[2022.03.13-21.21.06:233][  0]LogConfig: Setting CVar [[r.VolumetricFog:1]]
[2022.03.13-21.21.06:233][  0]LogConfig: Setting CVar [[r.VolumetricFog.GridPixelSize:8]]
[2022.03.13-21.21.06:233][  0]LogConfig: Setting CVar [[r.VolumetricFog.GridSizeZ:128]]
[2022.03.13-21.21.06:233][  0]LogConfig: Setting CVar [[r.VolumetricFog.HistoryMissSupersampleCount:4]]
[2022.03.13-21.21.06:233][  0]LogConfig: Setting CVar [[r.LightMaxDrawDistanceScale:1]]
[2022.03.13-21.21.06:233][  0]LogConfig: Setting CVar [[r.CapsuleShadows:1]]
[2022.03.13-21.21.06:233][  0]LogConfig: Applying CVar settings from Section [PostProcessQuality@3] File [D:/INF8235/INF8235/log8235-tp2/Saved/Config/Windows/Scalability.ini]
[2022.03.13-21.21.06:233][  0]LogConfig: Setting CVar [[r.MotionBlurQuality:4]]
[2022.03.13-21.21.06:233][  0]LogConfig: Setting CVar [[r.AmbientOcclusionMipLevelFactor:0.4]]
[2022.03.13-21.21.06:233][  0]LogConfig: Setting CVar [[r.AmbientOcclusionMaxQuality:100]]
[2022.03.13-21.21.06:233][  0]LogConfig: Setting CVar [[r.AmbientOcclusionLevels:-1]]
[2022.03.13-21.21.06:233][  0]LogConfig: Setting CVar [[r.AmbientOcclusionRadiusScale:1.0]]
[2022.03.13-21.21.06:233][  0]LogConfig: Setting CVar [[r.DepthOfFieldQuality:2]]
[2022.03.13-21.21.06:233][  0]LogConfig: Setting CVar [[r.RenderTargetPoolMin:400]]
[2022.03.13-21.21.06:233][  0]LogConfig: Setting CVar [[r.LensFlareQuality:2]]
[2022.03.13-21.21.06:233][  0]LogConfig: Setting CVar [[r.SceneColorFringeQuality:1]]
[2022.03.13-21.21.06:233][  0]LogConfig: Setting CVar [[r.EyeAdaptationQuality:2]]
[2022.03.13-21.21.06:233][  0]LogConfig: Setting CVar [[r.BloomQuality:5]]
[2022.03.13-21.21.06:233][  0]LogConfig: Setting CVar [[r.FastBlurThreshold:100]]
[2022.03.13-21.21.06:233][  0]LogConfig: Setting CVar [[r.Upscale.Quality:3]]
[2022.03.13-21.21.06:233][  0]LogConfig: Setting CVar [[r.Tonemapper.GrainQuantization:1]]
[2022.03.13-21.21.06:233][  0]LogConfig: Setting CVar [[r.LightShaftQuality:1]]
[2022.03.13-21.21.06:233][  0]LogConfig: Setting CVar [[r.Filter.SizeScale:1]]
[2022.03.13-21.21.06:233][  0]LogConfig: Setting CVar [[r.Tonemapper.Quality:5]]
[2022.03.13-21.21.06:233][  0]LogConfig: Setting CVar [[r.DOF.Gather.AccumulatorQuality:1        ; higher gathering accumulator quality]]
[2022.03.13-21.21.06:233][  0]LogConfig: Setting CVar [[r.DOF.Gather.PostfilterMethod:1          ; Median3x3 postfilering method]]
[2022.03.13-21.21.06:233][  0]LogConfig: Setting CVar [[r.DOF.Gather.EnableBokehSettings:0       ; no bokeh simulation when gathering]]
[2022.03.13-21.21.06:233][  0]LogConfig: Setting CVar [[r.DOF.Gather.RingCount:4                 ; medium number of samples when gathering]]
[2022.03.13-21.21.06:233][  0]LogConfig: Setting CVar [[r.DOF.Scatter.ForegroundCompositing:1    ; additive foreground scattering]]
[2022.03.13-21.21.06:233][  0]LogConfig: Setting CVar [[r.DOF.Scatter.BackgroundCompositing:2    ; additive background scattering]]
[2022.03.13-21.21.06:233][  0]LogConfig: Setting CVar [[r.DOF.Scatter.EnableBokehSettings:1      ; bokeh simulation when scattering]]
[2022.03.13-21.21.06:233][  0]LogConfig: Setting CVar [[r.DOF.Scatter.MaxSpriteRatio:0.1         ; only a maximum of 10% of scattered bokeh]]
[2022.03.13-21.21.06:233][  0]LogConfig: Setting CVar [[r.DOF.Recombine.Quality:1                ; cheap slight out of focus]]
[2022.03.13-21.21.06:233][  0]LogConfig: Setting CVar [[r.DOF.Recombine.EnableBokehSettings:0    ; no bokeh simulation on slight out of focus]]
[2022.03.13-21.21.06:234][  0]LogConfig: Setting CVar [[r.DOF.TemporalAAQuality:1                ; more stable temporal accumulation]]
[2022.03.13-21.21.06:234][  0]LogConfig: Setting CVar [[r.DOF.Kernel.MaxForegroundRadius:0.025]]
[2022.03.13-21.21.06:234][  0]LogConfig: Setting CVar [[r.DOF.Kernel.MaxBackgroundRadius:0.025]]
[2022.03.13-21.21.06:234][  0]LogConfig: Applying CVar settings from Section [TextureQuality@3] File [D:/INF8235/INF8235/log8235-tp2/Saved/Config/Windows/Scalability.ini]
[2022.03.13-21.21.06:234][  0]LogConfig: Setting CVar [[r.Streaming.MipBias:0]]
[2022.03.13-21.21.06:234][  0]LogConfig: Setting CVar [[r.Streaming.AmortizeCPUToGPUCopy:0]]
[2022.03.13-21.21.06:234][  0]LogConfig: Setting CVar [[r.Streaming.MaxNumTexturesToStreamPerFrame:0]]
[2022.03.13-21.21.06:234][  0]LogConfig: Setting CVar [[r.Streaming.Boost:1]]
[2022.03.13-21.21.06:234][  0]LogConfig: Setting CVar [[r.MaxAnisotropy:8]]
[2022.03.13-21.21.06:234][  0]LogConfig: Setting CVar [[r.VT.MaxAnisotropy:8]]
[2022.03.13-21.21.06:234][  0]LogConfig: Setting CVar [[r.Streaming.LimitPoolSizeToVRAM:0]]
[2022.03.13-21.21.06:234][  0]LogConfig: Setting CVar [[r.Streaming.PoolSize:1000]]
[2022.03.13-21.21.06:234][  0]LogConfig: Setting CVar [[r.Streaming.MaxEffectiveScreenSize:0]]
[2022.03.13-21.21.06:234][  0]LogConfig: Applying CVar settings from Section [EffectsQuality@3] File [D:/INF8235/INF8235/log8235-tp2/Saved/Config/Windows/Scalability.ini]
[2022.03.13-21.21.06:234][  0]LogConfig: Setting CVar [[r.TranslucencyLightingVolumeDim:64]]
[2022.03.13-21.21.06:234][  0]LogConfig: Setting CVar [[r.RefractionQuality:2]]
[2022.03.13-21.21.06:234][  0]LogConfig: Setting CVar [[r.SSR.Quality:3]]
[2022.03.13-21.21.06:234][  0]LogConfig: Setting CVar [[r.SSR.HalfResSceneColor:0]]
[2022.03.13-21.21.06:234][  0]LogConfig: Setting CVar [[r.SceneColorFormat:4]]
[2022.03.13-21.21.06:234][  0]LogConfig: Setting CVar [[r.DetailMode:2]]
[2022.03.13-21.21.06:234][  0]LogConfig: Setting CVar [[r.TranslucencyVolumeBlur:1]]
[2022.03.13-21.21.06:234][  0]LogConfig: Setting CVar [[r.MaterialQualityLevel:1 ; High quality]]
[2022.03.13-21.21.06:234][  0]LogConfig: Setting CVar [[r.SSS.Scale:1]]
[2022.03.13-21.21.06:234][  0]LogConfig: Setting CVar [[r.SSS.SampleSet:2]]
[2022.03.13-21.21.06:234][  0]LogConfig: Setting CVar [[r.SSS.Quality:1]]
[2022.03.13-21.21.06:234][  0]LogConfig: Setting CVar [[r.SSS.HalfRes:0]]
[2022.03.13-21.21.06:234][  0]LogConfig: Setting CVar [[r.SSGI.Quality:3]]
[2022.03.13-21.21.06:234][  0]LogConfig: Setting CVar [[r.EmitterSpawnRateScale:1.0]]
[2022.03.13-21.21.06:234][  0]LogConfig: Setting CVar [[r.ParticleLightQuality:2]]
[2022.03.13-21.21.06:234][  0]LogConfig: Setting CVar [[r.SkyAtmosphere.AerialPerspectiveLUT.FastApplyOnOpaque:1 ; Always have FastSkyLUT 1 in this case to avoid wrong sky]]
[2022.03.13-21.21.06:234][  0]LogConfig: Setting CVar [[r.SkyAtmosphere.AerialPerspectiveLUT.SampleCountPerSlice:1]]
[2022.03.13-21.21.06:234][  0]LogConfig: Setting CVar [[r.SkyAtmosphere.AerialPerspectiveLUT.DepthResolution:16.0]]
[2022.03.13-21.21.06:234][  0]LogConfig: Setting CVar [[r.SkyAtmosphere.FastSkyLUT:1]]
[2022.03.13-21.21.06:234][  0]LogConfig: Setting CVar [[r.SkyAtmosphere.FastSkyLUT.SampleCountMin:4.0]]
[2022.03.13-21.21.06:234][  0]LogConfig: Setting CVar [[r.SkyAtmosphere.FastSkyLUT.SampleCountMax:32.0]]
[2022.03.13-21.21.06:234][  0]LogConfig: Setting CVar [[r.SkyAtmosphere.SampleCountMin:4.0]]
[2022.03.13-21.21.06:234][  0]LogConfig: Setting CVar [[r.SkyAtmosphere.SampleCountMax:32.0]]
[2022.03.13-21.21.06:234][  0]LogConfig: Setting CVar [[r.SkyAtmosphere.TransmittanceLUT.UseSmallFormat:0]]
[2022.03.13-21.21.06:234][  0]LogConfig: Setting CVar [[r.SkyAtmosphere.TransmittanceLUT.SampleCount:10.0]]
[2022.03.13-21.21.06:234][  0]LogConfig: Setting CVar [[r.SkyAtmosphere.MultiScatteringLUT.SampleCount:15.0]]
[2022.03.13-21.21.06:234][  0]LogConfig: Applying CVar settings from Section [FoliageQuality@3] File [D:/INF8235/INF8235/log8235-tp2/Saved/Config/Windows/Scalability.ini]
[2022.03.13-21.21.06:234][  0]LogConfig: Setting CVar [[foliage.DensityScale:1.0]]
[2022.03.13-21.21.06:234][  0]LogConfig: Setting CVar [[grass.DensityScale:1.0]]
[2022.03.13-21.21.06:234][  0]LogConfig: Applying CVar settings from Section [ShadingQuality@3] File [D:/INF8235/INF8235/log8235-tp2/Saved/Config/Windows/Scalability.ini]
[2022.03.13-21.21.06:234][  0]LogConfig: Setting CVar [[r.HairStrands.SkyLighting.SampleCount:16]]
[2022.03.13-21.21.06:234][  0]LogConfig: Setting CVar [[r.HairStrands.SkyLighting.JitterIntegration:0]]
[2022.03.13-21.21.06:234][  0]LogConfig: Setting CVar [[r.HairStrands.SkyAO.SampleCount:16]]
[2022.03.13-21.21.06:234][  0]LogConfig: Setting CVar [[r.HairStrands.DeepShadow.SuperSampling:0]]
[2022.03.13-21.21.06:234][  0]LogConfig: Setting CVar [[r.HairStrands.VisibilityPPLL:0]]
[2022.03.13-21.21.06:234][  0]LogConfig: Setting CVar [[r.HairStrands.RasterizationScale:0.5]]
[2022.03.13-21.21.06:234][  0]LogConfig: Setting CVar [[r.HairStrands.VelocityRasterizationScale:1]]
[2022.03.13-21.21.06:234][  0]LogConfig: Applying CVar settings from Section [Startup] File [../../../Engine/Config/ConsoleVariables.ini]
[2022.03.13-21.21.06:235][  0]LogConfig: Setting CVar [[net.UseAdaptiveNetUpdateFrequency:0]]
[2022.03.13-21.21.06:235][  0]LogConfig: Setting CVar [[p.chaos.AllowCreatePhysxBodies:1]]
[2022.03.13-21.21.06:235][  0]LogConfig: Setting CVar [[fx.SkipVectorVMBackendOptimizations:1]]
[2022.03.13-21.21.06:235][  0]LogConfig: Applying CVar settings from Section [ConsoleVariables] File [D:/INF8235/INF8235/log8235-tp2/Saved/Config/Windows/Engine.ini]
[2022.03.13-21.21.06:235][  0]LogInit: Computer: DESKTOP-JO2SIS9
[2022.03.13-21.21.06:235][  0]LogInit: User: stahp
[2022.03.13-21.21.06:235][  0]LogInit: CPU Page size=4096, Cores=4
[2022.03.13-21.21.06:235][  0]LogInit: High frequency timer resolution =10.000000 MHz
[2022.03.13-21.21.06:235][  0]LogMemory: Memory total: Physical=6.9GB (7GB approx)
[2022.03.13-21.21.06:235][  0]LogMemory: Platform Memory Stats for Windows
[2022.03.13-21.21.06:235][  0]LogMemory: Process Physical Memory: 116.78 MB used, 116.78 MB peak
[2022.03.13-21.21.06:235][  0]LogMemory: Process Virtual Memory: 104.33 MB used, 104.33 MB peak
[2022.03.13-21.21.06:235][  0]LogMemory: Physical Memory: 5051.26 MB used,  2052.38 MB free, 7103.64 MB total
[2022.03.13-21.21.06:235][  0]LogMemory: Virtual Memory: 5159.44 MB used,  134212568.00 MB free, 134217728.00 MB total
[2022.03.13-21.21.06:242][  0]LogWindows: WindowsPlatformFeatures enabled
[2022.03.13-21.21.06:282][  0]LogInit: Physics initialised using underlying interface: PhysX
[2022.03.13-21.21.06:284][  0]LogInit: Using OS detected language (en-US).
[2022.03.13-21.21.06:284][  0]LogInit: Using OS detected locale (en-US).
[2022.03.13-21.21.06:285][  0]LogTextLocalizationManager: No specific localization for 'en-US' exists, so the 'en' localization will be used.
[2022.03.13-21.21.06:595][  0]LogInit: Setting process to per monitor DPI aware
[2022.03.13-21.21.06:634][  0]LogSlate: New Slate User Created.  User Index 0, Is Virtual User: 0
[2022.03.13-21.21.06:634][  0]LogSlate: Slate User Registered.  User Index 0, Is Virtual User: 0
[2022.03.13-21.21.06:862][  0]LogHMD: Failed to initialize OpenVR with code 110
[2022.03.13-21.21.06:862][  0]LogD3D11RHI: D3D11 min allowed feature level: 11_0
[2022.03.13-21.21.06:862][  0]LogD3D11RHI: D3D11 max allowed feature level: 11_0
[2022.03.13-21.21.06:862][  0]LogD3D11RHI: D3D11 adapters:
[2022.03.13-21.21.06:930][  0]LogD3D11RHI:    0. 'AMD Radeon(TM) RX Vega 10 Graphics' (Feature Level 11_0)
[2022.03.13-21.21.06:930][  0]LogD3D11RHI:       1009/0/3551 MB DedicatedVideo/DedicatedSystem/SharedSystem, Outputs:1, VendorId:0x1002
[2022.03.13-21.21.06:934][  0]LogD3D11RHI:    1. 'Microsoft Basic Render Driver' (Feature Level 11_0)
[2022.03.13-21.21.06:934][  0]LogD3D11RHI:       0/0/3551 MB DedicatedVideo/DedicatedSystem/SharedSystem, Outputs:0, VendorId:0x1414
[2022.03.13-21.21.06:934][  0]LogD3D11RHI: Chosen D3D11 Adapter: 0
[2022.03.13-21.21.06:942][  0]LogD3D11RHI: Creating new Direct3DDevice
[2022.03.13-21.21.06:943][  0]LogD3D11RHI:     GPU DeviceId: 0x15d8 (for the marketing name, search the web for "GPU Device Id")
[2022.03.13-21.21.06:943][  0]LogWindows: EnumDisplayDevices:
[2022.03.13-21.21.06:943][  0]LogWindows:    0. 'AMD Radeon(TM) RX Vega 10 Graphics ' (P:1 D:1)
[2022.03.13-21.21.06:943][  0]LogWindows:    1. 'AMD Radeon(TM) RX Vega 10 Graphics ' (P:0 D:0)
[2022.03.13-21.21.06:944][  0]LogWindows:    2. 'AMD Radeon(TM) RX Vega 10 Graphics ' (P:0 D:0)
[2022.03.13-21.21.06:944][  0]LogWindows:    3. 'AMD Radeon(TM) RX Vega 10 Graphics ' (P:0 D:0)
[2022.03.13-21.21.06:945][  0]LogWindows:    4. 'AMD Radeon(TM) RX Vega 10 Graphics ' (P:0 D:0)
[2022.03.13-21.21.06:945][  0]LogWindows: DebugString: PrimaryIsNotTheChoosenAdapter PrimaryIsNotTheChoosenAdapter PrimaryIsNotTheChoosenAdapter PrimaryIsNotTheChoosenAdapter PrimaryIsNotTheChoosenAdapter FoundDriverCount:0 
[2022.03.13-21.21.06:945][  0]LogD3D11RHI:     Adapter Name: AMD Radeon(TM) RX Vega 10 Graphics
[2022.03.13-21.21.06:945][  0]LogD3D11RHI:   Driver Version: Unknown (internal:Unknown, unified:Unknown)
[2022.03.13-21.21.06:945][  0]LogD3D11RHI:      Driver Date: Unknown
[2022.03.13-21.21.06:945][  0]LogRHI: Texture pool is 2873 MB (70% of 4105 MB)
[2022.03.13-21.21.07:022][  0]LogD3D11RHI: RHI has support for 64 bit atomics
[2022.03.13-21.21.07:022][  0]LogD3D11RHI: Async texture creation enabled
[2022.03.13-21.21.07:022][  0]LogD3D11RHI: Array index from any shader is supported
[2022.03.13-21.21.07:036][  0]LogD3D11RHI: GPU Timing Frequency: 25.000000 (Debug: 2 1)
[2022.03.13-21.21.07:424][  0]LogTargetPlatformManager: Display: Loaded TargetPlatform 'AllDesktop'
[2022.03.13-21.21.07:455][  0]LogTargetPlatformManager: Display: Loaded TargetPlatform 'Android'
[2022.03.13-21.21.07:455][  0]LogTargetPlatformManager: Display: Loaded TargetPlatform 'Android_ASTC'
[2022.03.13-21.21.07:455][  0]LogTargetPlatformManager: Display: Loaded TargetPlatform 'Android_DXT'
[2022.03.13-21.21.07:455][  0]LogTargetPlatformManager: Display: Loaded TargetPlatform 'Android_ETC2'
[2022.03.13-21.21.07:455][  0]LogTargetPlatformManager: Display: Loaded TargetPlatform 'AndroidClient'
[2022.03.13-21.21.07:455][  0]LogTargetPlatformManager: Display: Loaded TargetPlatform 'Android_ASTCClient'
[2022.03.13-21.21.07:455][  0]LogTargetPlatformManager: Display: Loaded TargetPlatform 'Android_DXTClient'
[2022.03.13-21.21.07:455][  0]LogTargetPlatformManager: Display: Loaded TargetPlatform 'Android_ETC2Client'
[2022.03.13-21.21.07:455][  0]LogTargetPlatformManager: Display: Loaded TargetPlatform 'Android_Multi'
[2022.03.13-21.21.07:455][  0]LogTargetPlatformManager: Display: Loaded TargetPlatform 'Android_MultiClient'
[2022.03.13-21.21.07:491][  0]LogTargetPlatformManager: Display: Loaded TargetPlatform 'IOSClient'
[2022.03.13-21.21.07:491][  0]LogTargetPlatformManager: Display: Loaded TargetPlatform 'IOS'
[2022.03.13-21.21.07:505][  0]LogTargetPlatformManager: Display: Loaded TargetPlatform 'Linux'
[2022.03.13-21.21.07:517][  0]LogTargetPlatformManager: Display: Loaded TargetPlatform 'LinuxNoEditor'
[2022.03.13-21.21.07:529][  0]LogTargetPlatformManager: Display: Loaded TargetPlatform 'LinuxClient'
[2022.03.13-21.21.07:542][  0]LogTargetPlatformManager: Display: Loaded TargetPlatform 'LinuxServer'
[2022.03.13-21.21.07:554][  0]LogTargetPlatformManager: Display: Loaded TargetPlatform 'LinuxAArch64NoEditor'
[2022.03.13-21.21.07:566][  0]LogTargetPlatformManager: Display: Loaded TargetPlatform 'LinuxAArch64Client'
[2022.03.13-21.21.07:578][  0]LogTargetPlatformManager: Display: Loaded TargetPlatform 'LinuxAArch64Server'
[2022.03.13-21.21.07:612][  0]LogTargetPlatformManager: Display: Loaded TargetPlatform 'Lumin'
[2022.03.13-21.21.07:612][  0]LogTargetPlatformManager: Display: Loaded TargetPlatform 'LuminClient'
[2022.03.13-21.21.07:632][  0]LogTargetPlatformManager: Display: Loaded TargetPlatform 'TVOSClient'
[2022.03.13-21.21.07:632][  0]LogTargetPlatformManager: Display: Loaded TargetPlatform 'TVOS'
[2022.03.13-21.21.07:645][  0]LogTargetPlatformManager: Display: Loaded TargetPlatform 'WindowsNoEditor'
[2022.03.13-21.21.07:658][  0]LogTargetPlatformManager: Display: Loaded TargetPlatform 'Windows'
[2022.03.13-21.21.07:670][  0]LogTargetPlatformManager: Display: Loaded TargetPlatform 'WindowsClient'
[2022.03.13-21.21.07:682][  0]LogTargetPlatformManager: Display: Loaded TargetPlatform 'WindowsServer'
[2022.03.13-21.21.07:682][  0]LogTargetPlatformManager: Display: Building Assets For Windows
[2022.03.13-21.21.07:692][  0]LogAudioDebug: Display: Lib vorbis DLL was dynamically loaded.
[2022.03.13-21.21.07:772][  0]LogShaderCompilers: Guid format shader working directory is 4 characters bigger than the processId version (../../../../../INF8235/INF8235/log8235-tp2/Intermediate/Shaders/WorkingDirectory/5892/).
[2022.03.13-21.21.07:773][  0]LogShaderCompilers: Cleaned the shader compiler working directory 'C:/Users/stahp/AppData/Local/Temp/UnrealShaderWorkingDir/F11B5D134B25815BFAA9DA915EA762CE/'.
[2022.03.13-21.21.07:773][  0]LogXGEController: Cannot use XGE Controller as Incredibuild is not installed on this machine.
[2022.03.13-21.21.07:773][  0]LogShaderCompilers: Cannot use XGE Shader Compiler as Incredibuild is not installed on this machine.
[2022.03.13-21.21.07:773][  0]LogShaderCompilers: Display: Using Local Shader Compiler.
[2022.03.13-21.21.08:645][  0]LogDerivedDataCache: Display: Max Cache Size: 512 MB
[2022.03.13-21.21.08:701][  0]LogDerivedDataCache: Loaded boot cache 0.06s 81MB C:/Users/stahp/AppData/Local/UnrealEngine/4.25/DerivedDataCache/Boot.ddc.
[2022.03.13-21.21.08:701][  0]LogDerivedDataCache: Display: Loaded Boot cache: C:/Users/stahp/AppData/Local/UnrealEngine/4.25/DerivedDataCache/Boot.ddc
[2022.03.13-21.21.08:705][  0]LogDerivedDataCache: FDerivedDataBackendGraph:  Pak pak cache file ../../../../../INF8235/INF8235/log8235-tp2/DerivedDataCache/DDC.ddp not found, will not use a pak cache.
[2022.03.13-21.21.08:705][  0]LogDerivedDataCache: Unable to find inner node Pak for hierarchical cache Hierarchy.
[2022.03.13-21.21.08:705][  0]LogDerivedDataCache: FDerivedDataBackendGraph:  CompressedPak pak cache file ../../../../../INF8235/INF8235/log8235-tp2/DerivedDataCache/Compressed.ddp not found, will not use a pak cache.
[2022.03.13-21.21.08:705][  0]LogDerivedDataCache: Unable to find inner node CompressedPak for hierarchical cache Hierarchy.
[2022.03.13-21.21.08:720][  0]LogDerivedDataCache: Display: Pak cache opened for reading ../../../Engine/DerivedDataCache/Compressed.ddp.
[2022.03.13-21.21.08:720][  0]LogDerivedDataCache: FDerivedDataBackendGraph:  EnterprisePak pak cache file ../../../Enterprise/DerivedDataCache/Compressed.ddp not found, will not use a pak cache.
[2022.03.13-21.21.08:720][  0]LogDerivedDataCache: Unable to find inner node EnterprisePak for hierarchical cache Hierarchy.
[2022.03.13-21.21.08:722][  0]LogDerivedDataCache: Using Local data cache path C:/Users/stahp/AppData/Local/UnrealEngine/Common/DerivedDataCache: Writable
[2022.03.13-21.21.08:722][  0]LogDerivedDataCache: Shared data cache path not found in *engine.ini, will not use an Shared cache.
[2022.03.13-21.21.08:722][  0]LogDerivedDataCache: Unable to find inner node Shared for hierarchical cache Hierarchy.
[2022.03.13-21.21.08:784][  0]LogSlate: Using FreeType 2.10.0
[2022.03.13-21.21.08:784][  0]LogSlate: SlateFontServices - WITH_FREETYPE: 1, WITH_HARFBUZZ: 1
[2022.03.13-21.21.08:814][  0]LogAssetRegistry: FAssetRegistry took 0.0036 seconds to start up
[2022.03.13-21.21.09:153][  0]LogInit: Selected Device Profile: [Windows]
[2022.03.13-21.21.09:312][  0]LogMeshReduction: Using QuadricMeshReduction for automatic static mesh reduction
[2022.03.13-21.21.09:312][  0]LogMeshReduction: Using SimplygonMeshReduction for automatic skeletal mesh reduction
[2022.03.13-21.21.09:312][  0]LogMeshReduction: Using ProxyLODMeshReduction for automatic mesh merging
[2022.03.13-21.21.09:312][  0]LogMeshReduction: No distributed automatic mesh merging module available
[2022.03.13-21.21.09:312][  0]LogMeshMerging: No distributed automatic mesh merging module available
[2022.03.13-21.21.09:332][  0]LogNetVersion: SoftDesignTraining 1.0.0, NetCL: 13144385, EngineNetVer: 14, GameNetVer: 0 (Checksum: 3414102749)
[2022.03.13-21.21.09:812][  0]LogAISub: UAISubsystem::UAISubsystem AISubsystem (0000021499621BC0), frame # 0
[2022.03.13-21.21.09:812][  0]LogAISub: UAISubsystem::UAISubsystem AIPerceptionSystem (0000021499572AC0), frame # 0
[2022.03.13-21.21.09:813][  0]LogAISub: UAISubsystem::UAISubsystem EnvQueryManager (00000214995B5E00), frame # 0
[2022.03.13-21.21.09:905][  0]LogPackageLocalizationCache: Processed 19 localized package path(s) for 1 prioritized culture(s) in 0.084747 seconds
[2022.03.13-21.21.09:912][  0]LogUObjectArray: 15917 objects as part of root set at end of initial load.
[2022.03.13-21.21.09:912][  0]LogUObjectAllocator: 3965568 out of 0 bytes used by permanent object pool.
[2022.03.13-21.21.09:912][  0]LogUObjectArray: CloseDisregardForGC: 0/0 objects in disregard for GC pool
[2022.03.13-21.21.10:344][  0]LogTcpMessaging: Initializing TcpMessaging bridge
[2022.03.13-21.21.10:350][  0]LogUdpMessaging: Initializing bridge on interface 0.0.0.0:0 to multicast group 230.0.0.1:6666.
[2022.03.13-21.21.11:201][  0]SourceControl: Source control is disabled
[2022.03.13-21.21.11:201][  0]SourceControl: Source control is disabled
[2022.03.13-21.21.11:206][  0]SourceControl: Source control is disabled
[2022.03.13-21.21.11:209][  0]SourceControl: Source control is disabled
[2022.03.13-21.21.11:218][  0]SourceControl: Source control is disabled
[2022.03.13-21.21.11:530][  0]LogAndroidPermission: UAndroidPermissionCallbackProxy::GetInstance
[2022.03.13-21.21.11:558][  0]LogAudioCaptureCore: Display: No Audio Capture implementations found. Audio input will be silent.
[2022.03.13-21.21.11:558][  0]LogAudioCaptureCore: Display: No Audio Capture implementations found. Audio input will be silent.
[2022.03.13-21.21.11:621][  0]LogOcInput: OculusInput pre-init called
[2022.03.13-21.21.11:633][  0]LogWindows: Failed to load 'OVRPlugin.dll' (GetLastError=126)
[2022.03.13-21.21.11:633][  0]LogWindows: File 'OVRPlugin.dll' does not exist
[2022.03.13-21.21.11:715][  0]LogEngine: Initializing Engine...
[2022.03.13-21.21.11:717][  0]LogHMD: Failed to initialize OpenVR with code 110
[2022.03.13-21.21.11:717][  0]LogMagicLeap: Warning: VR disabled because ZI is not enabled.  To enable, in the editor, Edit -> Project Settings -> Plugins -> Magic Leap Plugin -> Enable Zero Iteration
[2022.03.13-21.21.11:718][  0]LogStats: UGameplayTagsManager::InitializeManager -  0.000 s
[2022.03.13-21.21.11:844][  0]LogUObjectGlobals: Warning: Failed to find object 'Class /Script/SoftDesignTraining.SDT_WorldSettings'
[2022.03.13-21.21.11:844][  0]LogEngine: Error: Failed to load '/Script/SoftDesignTraining.SDT_WorldSettings', falling back to 'WorldSettings'
[2022.03.13-21.21.11:848][  0]LogInit: Initializing FReadOnlyCVARCache
[2022.03.13-21.21.11:860][  0]LogAIModule: Creating AISystem for world Untitled
[2022.03.13-21.21.11:860][  0]LogAISub: UAISubsystem::UAISubsystem EnvQueryManager (00000214A4E33C00), frame # 0
[2022.03.13-21.21.11:860][  0]LogAISub: UAISubsystem::UAISubsystem AIPerceptionSystem (00000214A4E9D6C0), frame # 0
[2022.03.13-21.21.11:875][  0]LogAudioMixer: Display: Audio Mixer Platform Settings:
[2022.03.13-21.21.11:875][  0]LogAudioMixer: Display: 	Sample Rate:						  48000
[2022.03.13-21.21.11:875][  0]LogAudioMixer: Display: 	Callback Buffer Frame Size Requested: 1024
[2022.03.13-21.21.11:875][  0]LogAudioMixer: Display: 	Callback Buffer Frame Size To Use:	  1024
[2022.03.13-21.21.11:875][  0]LogAudioMixer: Display: 	Number of buffers to queue:			  2
[2022.03.13-21.21.11:875][  0]LogAudioMixer: Display: 	Max Channels (voices):				  32
[2022.03.13-21.21.11:875][  0]LogAudioMixer: Display: 	Number of Async Source Workers:		  0
[2022.03.13-21.21.11:875][  0]LogAudio: Display: AudioDevice MaxSources: 32
[2022.03.13-21.21.11:876][  0]LogAudio: Display: Using built-in audio occlusion.
[2022.03.13-21.21.11:876][  0]LogAudioMixer: Display: Initializing audio mixer.
[2022.03.13-21.21.11:887][  0]LogAudioMixer: Display: 0: FrontLeft
[2022.03.13-21.21.11:887][  0]LogAudioMixer: Display: 1: FrontRight
[2022.03.13-21.21.11:955][  0]LogAudioMixer: Display: Using Audio Device Speakers (Realtek High Definition Audio)
[2022.03.13-21.21.11:958][  0]LogAudioMixer: Display: Initializing Sound Submixes...
[2022.03.13-21.21.11:961][  0]LogAudioMixer: Display: Creating Master Submix 'MasterSubmixDefault'
[2022.03.13-21.21.11:961][  0]LogAudioMixer: Display: Creating Master Submix 'MasterReverbSubmixDefault'
[2022.03.13-21.21.11:962][  0]LogAudioMixer: Display: Creating Master Submix 'MasterEQSubmixDefault'
[2022.03.13-21.21.11:964][  0]LogInit: FAudioDevice initialized.
[2022.03.13-21.21.11:964][  0]LogNetVersion: Set ProjectVersion to 1.0.0.0. Version Checksum will be recalculated on next use.
[2022.03.13-21.21.12:040][  0]LogDerivedDataCache: Saved boot cache 0.08s 81MB C:/Users/stahp/AppData/Local/UnrealEngine/4.25/DerivedDataCache/Boot.ddc.
[2022.03.13-21.21.12:042][  0]LogInit: Texture streaming: Enabled
[2022.03.13-21.21.12:067][  0]LogEngineSessionManager: EngineSessionManager initialized
[2022.03.13-21.21.12:067][  0]LogEditorSessionSummary: Verbose: Initializing EditorSessionSummaryWriter for editor session tracking
[2022.03.13-21.21.12:068][  0]LogEditorSessionSummary: EditorSessionSummaryWriter initialized
[2022.03.13-21.21.12:126][  0]LogInit: Transaction tracking system initialized
[2022.03.13-21.21.12:155][  0]BlueprintLog: New page: Editor Load
[2022.03.13-21.21.12:249][  0]LocalizationService: Localization service is disabled
[2022.03.13-21.21.12:417][  0]LogSlate: Took 0.000211 seconds to synchronously load lazily loaded font '../../../Engine/Content/Slate/Fonts/Roboto-Regular.ttf' (155K)
[2022.03.13-21.21.18:108][  0]LogSlate: Window 'Low drive space warning' being destroyed
[2022.03.13-21.21.18:109][  0]LogWindowsTextInputMethodSystem: Display: IME system now deactivated.
[2022.03.13-21.21.18:115][  0]Message dialog closed, result: Ok, title: Low drive space warning, text: The following drive locations have limited free space.
It is recommended that you free some space to avoid issues such as crashed and data loss due to files not being able to be written and saved.

  284 MB Free 		 C:/Users/stahp/Documents/
 				 User directory where user specific settings are stored. 

[2022.03.13-21.21.18:229][  0]LogCook: Display: Max memory allowance for cook 16384mb min free memory 0mb
[2022.03.13-21.21.18:229][  0]LogCook: Display: Mobile HDR setting 1
[2022.03.13-21.21.18:414][  0]LogFileCache: Scanning file cache for directory 'D:/INF8235/INF8235/log8235-tp2/Content/' took 0.01s
[2022.03.13-21.21.18:650][  0]SourceControl: Source control is disabled
[2022.03.13-21.21.18:650][  0]LogUnrealEdMisc: Loading editor; pre map load, took 14.072
[2022.03.13-21.21.18:650][  0]Cmd: MAP LOAD FILE="../../../../../INF8235/INF8235/log8235-tp2/Content/TopDown/Maps/TopDownExampleMap.umap" TEMPLATE=0 SHOWPROGRESS=1 FEATURELEVEL=3
[2022.03.13-21.21.18:661][  0]LightingResults: New page: Lighting Build
[2022.03.13-21.21.18:662][  0]LogWorld: UWorld::CleanupWorld for Untitled, bSessionEnded=true, bCleanupResources=true
[2022.03.13-21.21.18:662][  0]LogSlate: InvalidateAllWidgets triggered.  All widgets were invalidated
[2022.03.13-21.21.18:662][  0]MapCheck: New page: Map Check
[2022.03.13-21.21.18:662][  0]LightingResults: New page: Lighting Build
[2022.03.13-21.21.18:673][  0]LogAISub: UAISubsystem::~UAISubsystem EnvQueryManager (00000214A4E33C00), frame # 0
[2022.03.13-21.21.18:673][  0]LogAISub: UAISubsystem::~UAISubsystem AIPerceptionSystem (00000214A4E9D6C0), frame # 0
[2022.03.13-21.21.18:674][  0]LogUObjectHash: Compacting FUObjectHashTables data took   1.11ms
[2022.03.13-21.21.18:759][  0]LogBlueprint: Warning: [Compiler SDT_AnimBP] Entry node  Default  is not connected to state
[2022.03.13-21.21.18:761][  0]LogBlueprint: Warning: [Compiler SDT_AnimBP] There was no entry state connection in  Default
[2022.03.13-21.21.19:705][  0]LogAIModule: Creating AISystem for world TopDownExampleMap
[2022.03.13-21.21.19:706][  0]LogAISub: UAISubsystem::UAISubsystem EnvQueryManager (00000214A4F5E200), frame # 0
[2022.03.13-21.21.19:706][  0]LogAISub: UAISubsystem::UAISubsystem AIPerceptionSystem (00000214A4FB9800), frame # 0
[2022.03.13-21.21.19:736][  0]LogEditorServer: Finished looking for orphan Actors (0.000 secs)
[2022.03.13-21.21.19:752][  0]LogUObjectHash: Compacting FUObjectHashTables data took   1.05ms
[2022.03.13-21.21.19:752][  0]Cmd: MAP CHECKDEP NOCLEARLOG
[2022.03.13-21.21.19:753][  0]MapCheck: Map check complete: 0 Error(s), 0 Warning(s), took 0.209ms to complete.
[2022.03.13-21.21.19:753][  0]LogFileHelpers: Loading map 'TopDownExampleMap' took 1.102
[2022.03.13-21.21.19:758][  0]LogUnrealEdMisc: Total Editor Startup Time, took 15.179
[2022.03.13-21.21.19:827][  0]LogWindowsTextInputMethodSystem: Display: IME system now deactivated.
[2022.03.13-21.21.19:917][  0]LogSlate: Updating window title bar state: overlay mode, drag disabled, window buttons hidden, title bar hidden
[2022.03.13-21.21.19:927][  0]LogSlate: Updating window title bar state: overlay mode, drag disabled, window buttons hidden, title bar hidden
[2022.03.13-21.21.19:936][  0]LogSlate: Updating window title bar state: overlay mode, drag disabled, window buttons hidden, title bar hidden
[2022.03.13-21.21.19:947][  0]LogSlate: Updating window title bar state: overlay mode, drag disabled, window buttons hidden, title bar hidden
[2022.03.13-21.21.19:959][  0]LogCollectionManager: Loaded 0 collections in 0.001075 seconds
[2022.03.13-21.21.19:989][  0]LogFileCache: Scanning file cache for directory 'D:/INF8235/INF8235/log8235-tp2/Saved/Collections/' took 0.00s
[2022.03.13-21.21.19:989][  0]LogFileCache: Scanning file cache for directory 'D:/INF8235/INF8235/log8235-tp2/Content/Developers/stahp/Collections/' took 0.00s
[2022.03.13-21.21.19:989][  0]LogFileCache: Scanning file cache for directory 'D:/INF8235/INF8235/log8235-tp2/Content/Collections/' took 0.00s
[2022.03.13-21.21.19:989][  0]LogContentBrowser: Native class hierarchy populated in 0.0138 seconds. Added 3442 classes and 823 folders.
[2022.03.13-21.21.19:996][  0]LogContentBrowser: Native class hierarchy updated for 'WidgetCarousel' in 0.0005 seconds. Added 0 classes and 0 folders.
[2022.03.13-21.21.20:829][  0]LogContentBrowser: Native class hierarchy updated for 'AddContentDialog' in 0.0005 seconds. Added 0 classes and 0 folders.
[2022.03.13-21.21.20:833][  0]LogContentBrowser: Native class hierarchy updated for 'SceneOutliner' in 0.0005 seconds. Added 2 classes and 0 folders.
[2022.03.13-21.21.20:908][  0]LogSlate: Took 0.000281 seconds to synchronously load lazily loaded font '../../../Engine/Content/Slate/Fonts/Roboto-Bold.ttf' (160K)
[2022.03.13-21.21.20:932][  0]LogSlate: Took 0.011359 seconds to synchronously load lazily loaded font '../../../Engine/Content/Editor/Slate/Fonts/FontAwesome.ttf' (139K)
[2022.03.13-21.21.21:037][  0]LogRenderer: Reallocating scene render targets to support 1352x604 Format 10 NumSamples 1 (Frame:1).
[2022.03.13-21.21.21:222][  0]LogContentBrowser: Native class hierarchy updated for 'HierarchicalLODOutliner' in 0.0005 seconds. Added 0 classes and 0 folders.
[2022.03.13-21.21.21:222][  0]LogLoad: (Engine Initialization) Total time: 16.64 seconds
[2022.03.13-21.21.21:222][  0]LogLoad: (Engine Initialization) Total Blueprint compile time: 0.00 seconds
[2022.03.13-21.21.21:279][  0]LogAssetRegistry: Asset discovery search completed in 12.4665 seconds
[2022.03.13-21.21.21:284][  0]LogCollectionManager: Fixed up redirectors for 0 collections in 0.000003 seconds (updated 0 objects)
[2022.03.13-21.21.21:286][  0]LogContentStreaming: Texture pool size now 1000 MB
[2022.03.13-21.21.21:338][  0]LogSlate: Took 0.009292 seconds to synchronously load lazily loaded font '../../../Engine/Content/Slate/Fonts/Roboto-Light.ttf' (167K)
[2022.03.13-21.21.31:856][465]LogTemp: Repeating last play command: Selected Viewport
[2022.03.13-21.21.31:874][465]LogPlayLevel: PlayLevel: No blueprints needed recompiling
[2022.03.13-21.21.31:876][465]PIE: New page: PIE session: TopDownExampleMap (Mar 13, 2022, 1:21:31 PM)
[2022.03.13-21.21.31:878][465]LogOnline: OSS: Creating online subsystem instance for: NULL
[2022.03.13-21.21.31:881][465]LogOnline: OSS: TryLoadSubsystemAndSetDefault: Loaded subsystem for module [NULL]
[2022.03.13-21.21.31:881][465]LogPlayLevel: Creating play world package: /Game/TopDown/Maps/UEDPIE_0_TopDownExampleMap
[2022.03.13-21.21.31:905][465]LogPlayLevel: PIE: StaticDuplicateObject took: (0.024033s)
[2022.03.13-21.21.31:908][465]LogAIModule: Creating AISystem for world TopDownExampleMap
[2022.03.13-21.21.31:908][465]LogAISub: UAISubsystem::UAISubsystem EnvQueryManager (00000214A9B65C00), frame # 465
[2022.03.13-21.21.31:908][465]LogAISub: UAISubsystem::UAISubsystem AIPerceptionSystem (0000021492A30180), frame # 465
[2022.03.13-21.21.31:908][465]LogPlayLevel: PIE: World Init took: (0.002731s)
[2022.03.13-21.21.31:908][465]LogPlayLevel: PIE: Created PIE world by copying editor world from /Game/TopDown/Maps/TopDownExampleMap.TopDownExampleMap to /Game/TopDown/Maps/UEDPIE_0_TopDownExampleMap.TopDownExampleMap (0.027475s)
[2022.03.13-21.21.31:927][465]LogUObjectHash: Compacting FUObjectHashTables data took   0.97ms
[2022.03.13-21.21.31:929][465]LogAudioMixer: Display: Audio Mixer Platform Settings:
[2022.03.13-21.21.31:929][465]LogAudioMixer: Display: 	Sample Rate:						  48000
[2022.03.13-21.21.31:929][465]LogAudioMixer: Display: 	Callback Buffer Frame Size Requested: 1024
[2022.03.13-21.21.31:929][465]LogAudioMixer: Display: 	Callback Buffer Frame Size To Use:	  1024
[2022.03.13-21.21.31:929][465]LogAudioMixer: Display: 	Number of buffers to queue:			  2
[2022.03.13-21.21.31:929][465]LogAudioMixer: Display: 	Max Channels (voices):				  32
[2022.03.13-21.21.31:929][465]LogAudioMixer: Display: 	Number of Async Source Workers:		  0
[2022.03.13-21.21.31:929][465]LogAudio: Display: AudioDevice MaxSources: 32
[2022.03.13-21.21.31:929][465]LogAudio: Display: Using built-in audio occlusion.
[2022.03.13-21.21.31:929][465]LogAudioMixer: Display: Initializing audio mixer.
[2022.03.13-21.21.31:931][465]LogAudioMixer: Display: 0: FrontLeft
[2022.03.13-21.21.31:931][465]LogAudioMixer: Display: 1: FrontRight
[2022.03.13-21.21.31:952][465]LogAudioMixer: Display: Using Audio Device Speakers (Realtek High Definition Audio)
[2022.03.13-21.21.31:952][465]LogAudioMixer: Display: Initializing Sound Submixes...
[2022.03.13-21.21.31:952][465]LogAudioMixer: Display: Creating Master Submix 'MasterSubmixDefault'
[2022.03.13-21.21.31:952][465]LogAudioMixer: Display: Creating Master Submix 'MasterReverbSubmixDefault'
[2022.03.13-21.21.31:953][465]LogAudioMixer: Display: Creating Master Submix 'MasterEQSubmixDefault'
[2022.03.13-21.21.31:970][465]LogInit: FAudioDevice initialized.
[2022.03.13-21.21.31:978][465]LogLoad: Game class is 'SoftDesignTrainingGameMode'
[2022.03.13-21.21.31:984][465]LogWorld: Bringing World /Game/TopDown/Maps/UEDPIE_0_TopDownExampleMap.TopDownExampleMap up for play (max tick rate 60) at 2022.03.13-17.21.31
[2022.03.13-21.21.31:986][465]LogWorld: Bringing up level for play took: 0.007140
[2022.03.13-21.21.31:986][465]LogOnline: OSS: Creating online subsystem instance for: :Context_3
[2022.03.13-21.21.31:992][465]LogContentBrowser: Native class hierarchy updated for 'MovieSceneCapture' in 0.0005 seconds. Added 20 classes and 0 folders.
[2022.03.13-21.21.31:992][465]LogGameMode: Display: Match State Changed from EnteringMap to WaitingToStart
[2022.03.13-21.21.31:992][465]LogGameState: Match State Changed from EnteringMap to WaitingToStart
[2022.03.13-21.21.31:992][465]LogGameMode: Display: Match State Changed from WaitingToStart to InProgress
[2022.03.13-21.21.31:997][465]LogGameState: Match State Changed from WaitingToStart to InProgress
[2022.03.13-21.21.31:997][465]PIE: Server logged in
[2022.03.13-21.21.31:999][465]PIE: Play in editor total start time 0.126 seconds.
[2022.03.13-21.21.34:895][590]LogSlate: Updating window title bar state: overlay mode, drag disabled, window buttons hidden, title bar hidden
[2022.03.13-21.21.34:895][590]LogWorld: BeginTearingDown for /Game/TopDown/Maps/UEDPIE_0_TopDownExampleMap
[2022.03.13-21.21.34:903][590]LogWorld: UWorld::CleanupWorld for TopDownExampleMap, bSessionEnded=true, bCleanupResources=true
[2022.03.13-21.21.34:903][590]LogSlate: InvalidateAllWidgets triggered.  All widgets were invalidated
[2022.03.13-21.21.34:935][590]LogPlayLevel: Display: Shutting down PIE online subsystems
[2022.03.13-21.21.34:937][590]LogSlate: InvalidateAllWidgets triggered.  All widgets were invalidated
[2022.03.13-21.21.34:970][590]LogSlate: Updating window title bar state: overlay mode, drag disabled, window buttons hidden, title bar hidden
[2022.03.13-21.21.34:972][590]LogAISub: UAISubsystem::~UAISubsystem EnvQueryManager (00000214A9B65C00), frame # 590
[2022.03.13-21.21.34:972][590]LogAISub: UAISubsystem::~UAISubsystem AIPerceptionSystem (0000021492A30180), frame # 590
[2022.03.13-21.21.34:973][590]LogUObjectHash: Compacting FUObjectHashTables data took   0.92ms
[2022.03.13-21.21.35:000][591]LogPlayLevel: Display: Destroying online subsystem :Context_3
[2022.03.13-21.21.35:496][609]LogTemp: Repeating last play command: Selected Viewport
[2022.03.13-21.21.35:510][609]LogPlayLevel: PlayLevel: No blueprints needed recompiling
[2022.03.13-21.21.35:511][609]PIE: New page: PIE session: TopDownExampleMap (Mar 13, 2022, 1:21:35 PM)
[2022.03.13-21.21.35:511][609]LogPlayLevel: Creating play world package: /Game/TopDown/Maps/UEDPIE_0_TopDownExampleMap
[2022.03.13-21.21.35:530][609]LogPlayLevel: PIE: StaticDuplicateObject took: (0.018735s)
[2022.03.13-21.21.35:531][609]LogAIModule: Creating AISystem for world TopDownExampleMap
[2022.03.13-21.21.35:531][609]LogAISub: UAISubsystem::UAISubsystem EnvQueryManager (00000214A9A9B600), frame # 609
[2022.03.13-21.21.35:531][609]LogAISub: UAISubsystem::UAISubsystem AIPerceptionSystem (0000021498A92700), frame # 609
[2022.03.13-21.21.35:531][609]LogPlayLevel: PIE: World Init took: (0.001570s)
[2022.03.13-21.21.35:531][609]LogPlayLevel: PIE: Created PIE world by copying editor world from /Game/TopDown/Maps/TopDownExampleMap.TopDownExampleMap to /Game/TopDown/Maps/UEDPIE_0_TopDownExampleMap.TopDownExampleMap (0.020548s)
[2022.03.13-21.21.35:542][609]LogUObjectHash: Compacting FUObjectHashTables data took   0.88ms
[2022.03.13-21.21.35:543][609]LogAudioMixer: Display: Audio Mixer Platform Settings:
[2022.03.13-21.21.35:543][609]LogAudioMixer: Display: 	Sample Rate:						  48000
[2022.03.13-21.21.35:543][609]LogAudioMixer: Display: 	Callback Buffer Frame Size Requested: 1024
[2022.03.13-21.21.35:543][609]LogAudioMixer: Display: 	Callback Buffer Frame Size To Use:	  1024
[2022.03.13-21.21.35:543][609]LogAudioMixer: Display: 	Number of buffers to queue:			  2
[2022.03.13-21.21.35:543][609]LogAudioMixer: Display: 	Max Channels (voices):				  32
[2022.03.13-21.21.35:543][609]LogAudioMixer: Display: 	Number of Async Source Workers:		  0
[2022.03.13-21.21.35:543][609]LogAudio: Display: AudioDevice MaxSources: 32
[2022.03.13-21.21.35:543][609]LogAudio: Display: Using built-in audio occlusion.
[2022.03.13-21.21.35:543][609]LogAudioMixer: Display: Initializing audio mixer.
[2022.03.13-21.21.35:546][609]LogAudioMixer: Display: 0: FrontLeft
[2022.03.13-21.21.35:546][609]LogAudioMixer: Display: 1: FrontRight
[2022.03.13-21.21.35:567][609]LogAudioMixer: Display: Using Audio Device Speakers (Realtek High Definition Audio)
[2022.03.13-21.21.35:567][609]LogAudioMixer: Display: Initializing Sound Submixes...
[2022.03.13-21.21.35:567][609]LogAudioMixer: Display: Creating Master Submix 'MasterSubmixDefault'
[2022.03.13-21.21.35:567][609]LogAudioMixer: Display: Creating Master Submix 'MasterReverbSubmixDefault'
[2022.03.13-21.21.35:568][609]LogAudioMixer: Display: Creating Master Submix 'MasterEQSubmixDefault'
[2022.03.13-21.21.35:585][609]LogInit: FAudioDevice initialized.
[2022.03.13-21.21.35:592][609]LogLoad: Game class is 'SoftDesignTrainingGameMode'
[2022.03.13-21.21.35:597][609]LogWorld: Bringing World /Game/TopDown/Maps/UEDPIE_0_TopDownExampleMap.TopDownExampleMap up for play (max tick rate 60) at 2022.03.13-17.21.35
[2022.03.13-21.21.35:598][609]LogWorld: Bringing up level for play took: 0.005631
[2022.03.13-21.21.35:598][609]LogOnline: OSS: Creating online subsystem instance for: :Context_4
[2022.03.13-21.21.35:601][609]LogGameMode: Display: Match State Changed from EnteringMap to WaitingToStart
[2022.03.13-21.21.35:601][609]LogGameState: Match State Changed from EnteringMap to WaitingToStart
[2022.03.13-21.21.35:601][609]LogGameMode: Display: Match State Changed from WaitingToStart to InProgress
[2022.03.13-21.21.35:603][609]LogGameState: Match State Changed from WaitingToStart to InProgress
[2022.03.13-21.21.35:603][609]PIE: Server logged in
[2022.03.13-21.21.35:604][609]PIE: Play in editor total start time 0.093 seconds.
[2022.03.13-21.21.37:554][691]LogSlate: Updating window title bar state: overlay mode, drag disabled, window buttons hidden, title bar hidden
[2022.03.13-21.21.37:554][691]LogWorld: BeginTearingDown for /Game/TopDown/Maps/UEDPIE_0_TopDownExampleMap
[2022.03.13-21.21.37:555][691]LogWorld: UWorld::CleanupWorld for TopDownExampleMap, bSessionEnded=true, bCleanupResources=true
[2022.03.13-21.21.37:556][691]LogSlate: InvalidateAllWidgets triggered.  All widgets were invalidated
[2022.03.13-21.21.37:572][691]LogPlayLevel: Display: Shutting down PIE online subsystems
[2022.03.13-21.21.37:575][691]LogSlate: InvalidateAllWidgets triggered.  All widgets were invalidated
[2022.03.13-21.21.37:585][691]LogSlate: Updating window title bar state: overlay mode, drag disabled, window buttons hidden, title bar hidden
[2022.03.13-21.21.37:607][691]LogAISub: UAISubsystem::~UAISubsystem AIPerceptionSystem (0000021498A92700), frame # 691
[2022.03.13-21.21.37:607][691]LogAISub: UAISubsystem::~UAISubsystem EnvQueryManager (00000214A9A9B600), frame # 691
[2022.03.13-21.21.37:608][691]LogUObjectHash: Compacting FUObjectHashTables data took   0.74ms
[2022.03.13-21.21.37:634][692]LogPlayLevel: Display: Destroying online subsystem :Context_4
[2022.03.13-21.22.20:684][ 69]LogEditorViewport: Clicking on Actor (LMB): BP_SDTAICharacter_C (BP_SDTAICharacter4)
[2022.03.13-21.22.22:099][121]LogSlate: Took 0.000214 seconds to synchronously load lazily loaded font '../../../Engine/Content/Slate/Fonts/Roboto-Light.ttf' (167K)
[2022.03.13-21.22.22:120][121]LogAssetEditorSubsystem: Opening Asset editor for Blueprint /Game/Blueprint/BP_SDTAICharacter.BP_SDTAICharacter
[2022.03.13-21.22.22:893][121]LogContentBrowser: Native class hierarchy updated for 'BlueprintGraph' in 0.0010 seconds. Added 125 classes and 0 folders.
[2022.03.13-21.22.24:091][121]LogSlate: Took 0.000196 seconds to synchronously load lazily loaded font '../../../Engine/Content/Slate/Fonts/Roboto-BoldCondensed.ttf' (158K)
[2022.03.13-21.22.26:051][122]LogWindows: Error: === Critical error: ===
[2022.03.13-21.22.26:051][122]LogWindows: Error: 
[2022.03.13-21.22.26:051][122]LogWindows: Error: Fatal error!
[2022.03.13-21.22.26:051][122]LogWindows: Error: 
[2022.03.13-21.22.26:051][122]LogWindows: Error: Unhandled Exception: EXCEPTION_ACCESS_VIOLATION reading address 0x00000424
[2022.03.13-21.22.26:051][122]LogWindows: Error: 
[2022.03.13-21.22.26:051][122]LogWindows: Error: [Callstack] 0x00007ffce54f8180 UE4Editor-SoftDesignTraining-7555.dll!USDTAnimNotify_JumpStart::Notify() [D:\INF8235\INF8235\log8235-tp2\Source\SoftDesignTraining\SDTAnimNotify_JumpStart.cpp:11]
[2022.03.13-21.22.26:051][122]LogWindows: Error: [Callstack] 0x00007ffcfb3539b8 UE4Editor-Engine.dll!UnknownFunction []
[2022.03.13-21.22.26:051][122]LogWindows: Error: [Callstack] 0x00007ffcfb3530d1 UE4Editor-Engine.dll!UnknownFunction []
[2022.03.13-21.22.26:051][122]LogWindows: Error: [Callstack] 0x00007ffcfb31e495 UE4Editor-Engine.dll!UnknownFunction []
[2022.03.13-21.22.26:051][122]LogWindows: Error: [Callstack] 0x00007ffcfb6a4551 UE4Editor-Engine.dll!UnknownFunction []
[2022.03.13-21.22.26:051][122]LogWindows: Error: [Callstack] 0x00007ffcfb6bc0c8 UE4Editor-Engine.dll!UnknownFunction []
[2022.03.13-21.22.26:051][122]LogWindows: Error: [Callstack] 0x00007ffcfb6a2c49 UE4Editor-Engine.dll!UnknownFunction []
[2022.03.13-21.22.26:051][122]LogWindows: Error: [Callstack] 0x00007ffcfb6a99e9 UE4Editor-Engine.dll!UnknownFunction []
[2022.03.13-21.22.26:051][122]LogWindows: Error: [Callstack] 0x00007ffcfb6abcb7 UE4Editor-Engine.dll!UnknownFunction []
[2022.03.13-21.22.26:051][122]LogWindows: Error: [Callstack] 0x00007ffcfe1387d8 UE4Editor-Core.dll!UnknownFunction []
[2022.03.13-21.22.26:051][122]LogWindows: Error: [Callstack] 0x00007ffcfe138aa3 UE4Editor-Core.dll!UnknownFunction []
[2022.03.13-21.22.26:051][122]LogWindows: Error: [Callstack] 0x00007ffcfe14f027 UE4Editor-Core.dll!UnknownFunction []
[2022.03.13-21.22.26:051][122]LogWindows: Error: [Callstack] 0x00007ffcfc32a402 UE4Editor-Engine.dll!UnknownFunction []
[2022.03.13-21.22.26:051][122]LogWindows: Error: [Callstack] 0x00007ffcfc32f6ca UE4Editor-Engine.dll!UnknownFunction []
[2022.03.13-21.22.26:051][122]LogWindows: Error: [Callstack] 0x00007ffcfbaed0bf UE4Editor-Engine.dll!UnknownFunction []
[2022.03.13-21.22.26:051][122]LogWindows: Error: [Callstack] 0x00007ffcfbaf87f3 UE4Editor-Engine.dll!UnknownFunction []
[2022.03.13-21.22.26:051][122]LogWindows: Error: [Callstack] 0x00007ffcf66491a2 UE4Editor-Kismet.dll!UnknownFunction []
[2022.03.13-21.22.26:051][122]LogWindows: Error: [Callstack] 0x00007ffcf8fab2ed UE4Editor-UnrealEd.dll!UnknownFunction []
[2022.03.13-21.22.26:051][122]LogWindows: Error: [Callstack] 0x00007ffcf98837e6 UE4Editor-UnrealEd.dll!UnknownFunction []
[2022.03.13-21.22.26:051][122]LogWindows: Error: [Callstack] 0x00007ff7c3697800 UE4Editor.exe!UnknownFunction []
[2022.03.13-21.22.26:051][122]LogWindows: Error: [Callstack] 0x00007ff7c36aba7c UE4Editor.exe!UnknownFunction []
[2022.03.13-21.22.26:051][122]LogWindows: Error: [Callstack] 0x00007ff7c36abb5a UE4Editor.exe!UnknownFunction []
[2022.03.13-21.22.26:051][122]LogWindows: Error: [Callstack] 0x00007ff7c36be31d UE4Editor.exe!UnknownFunction []
[2022.03.13-21.22.26:051][122]LogWindows: Error: [Callstack] 0x00007ff7c36c145a UE4Editor.exe!UnknownFunction []
[2022.03.13-21.22.26:051][122]LogWindows: Error: [Callstack] 0x00007ffd6c2854e0 KERNEL32.DLL!UnknownFunction []
[2022.03.13-21.22.26:051][122]LogWindows: Error: [Callstack] 0x00007ffd6d46485b ntdll.dll!UnknownFunction []
[2022.03.13-21.22.26:051][122]LogWindows: Error: 
[2022.03.13-21.22.26:067][122]LogExit: Executing StaticShutdownAfterError
[2022.03.13-21.22.26:071][122]LogWindows: FPlatformMisc::RequestExit(1)
[2022.03.13-21.22.26:071][122]LogCore: Engine exit requested (reason: Win RequestExit)
[2022.03.13-21.22.26:080][122]Log file closed, 03/13/22 17:22:26
